<?xml version="1.0" encoding="UTF-8"?>
<!-- Generated by org.testng.reporters.JUnitReportReporter -->
<testsuite hostname="jagan" failures="0" tests="1" name="TestCaseRepo.TC_002" time="30.354" errors="0" timestamp="2025-01-23T11:18:17 IST" skipped="0">
  <testcase classname="TestCaseRepo.TC_002" name="leads_001" time="30.354"/>
  <system-out/>
</testsuite> <!-- TestCaseRepo.TC_002 -->
