<?xml version="1.0" encoding="UTF-8"?>
<!-- Generated by org.testng.reporters.JUnitReportReporter -->
<testsuite hostname="jagan" failures="0" tests="3" name="sampleDataFetch.TestNGPractice" time="0.018" errors="0" timestamp="2025-01-24T12:38:39 IST" skipped="0">
  <testcase classname="sampleDataFetch.TestNGPractice" name="modifyUser" time="0.013"/>
  <system-out/>
  <testcase classname="sampleDataFetch.TestNGPractice" name="deleteUser" time="0.002"/>
  <system-out/>
  <testcase classname="sampleDataFetch.TestNGPractice" name="createUser" time="0.003"/>
  <system-out/>
</testsuite> <!-- sampleDataFetch.TestNGPractice -->
