<?xml version="1.0" encoding="UTF-8"?>
<!-- Generated by org.testng.reporters.JUnitReportReporter -->
<testsuite hostname="jagan" failures="0" tests="2" name="TestCaseRepo.TC_003" time="85.380" errors="0" timestamp="2025-01-24T11:25:27 IST" skipped="0">
  <testcase classname="TestCaseRepo.TC_003" name="leads_003" time="67.862"/>
  <system-out/>
  <testcase classname="TestCaseRepo.TC_003" name="leads_003" time="17.518"/>
  <system-out/>
</testsuite> <!-- TestCaseRepo.TC_003 -->
