<?xml version="1.0" encoding="UTF-8"?>
<!-- Generated by org.testng.reporters.JUnitReportReporter -->
<testsuite hostname="jagan" failures="0" tests="3" name="testCaseRepo.TestNGPractice" time="0.034" errors="0" timestamp="2025-01-16T12:03:25 IST" skipped="0">
  <testcase classname="testCaseRepo.TestNGPractice" name="modifyUser" time="0.016"/>
  <testcase classname="testCaseRepo.TestNGPractice" name="deleteUser" time="0.009"/>
  <testcase classname="testCaseRepo.TestNGPractice" name="createUser" time="0.009"/>
</testsuite> <!-- testCaseRepo.TestNGPractice -->
