<?xml version="1.0" encoding="UTF-8"?>
<!-- Generated by org.testng.reporters.JUnitReportReporter -->
<testsuite hostname="jagan" failures="0" tests="1" name="TestCaseRepo.Example" time="17.643" errors="0" timestamp="2025-01-21T17:17:32 IST" skipped="0">
  <testcase classname="TestCaseRepo.Example" name="contacts_004" time="17.643"/>
  <system-out/>
</testsuite> <!-- TestCaseRepo.Example -->
